<?xml version="1.0" encoding="UTF-8"?>
<testsuite xmlns:xsi="http://www.w3.org/2001/XMLSchema-instance" xsi:noNamespaceSchemaLocation="https://maven.apache.org/surefire/maven-surefire-plugin/xsd/surefire-test-report-3.0.xsd" version="3.0" name="Test.BoPhanTester" time="0.801" tests="4" errors="0" skipped="0" failures="0">
  <properties>
[...]
</properties>
  <testcase name="test1" classname="Test.BoPhanTester" time="0.583"/>
  <testcase name="test2" classname="Test.BoPhanTester" time="0.071"/>
  <testcase name="test3" classname="Test.BoPhanTester" time="0.085"/>
  <testcase name="testQuanity" classname="Test.BoPhanTester" time="0.034">
    <system-out><![CDATA[Nhà bếp
Lễ tân
Phục vụ
Marketing
]]></system-out>
  </testcase>
</testsuite>